app/build/intermediates/manifest_merge_blame_file/release/manifest-merger-blame-release-report.txt
1<?xml version="1.0" encoding="utf-8"?>
2<manifest xmlns:android="http://schemas.android.com/apk/res/android"
3    package="kentos.loader"
4    platformBuildVersionCode="34"
5    platformBuildVersionName="14"
6    android:compileSdkVersion="34"
7    android:compileSdkVersionCodename="14"
8    android:versionCode="31"
9    android:versionName="5.4" >
10
11    <uses-sdk
12        android:minSdkVersion="24"
13        android:targetSdkVersion="34" />
14
15    <uses-permission android:name="android.permission.SYSTEM_ALERT_WINDOW" />
15-->src/main/AndroidManifest.xml:2:5-77
15-->src/main/AndroidManifest.xml:2:22-75
16    <uses-permission android:name="android.permission.READ_EXTERNAL_STORAGE" />
16-->src/main/AndroidManifest.xml:3:5-79
16-->src/main/AndroidManifest.xml:3:22-77
17    <uses-permission android:name="android.permission.INTERNET" />
17-->src/main/AndroidManifest.xml:4:5-66
17-->src/main/AndroidManifest.xml:4:22-64
18    <uses-permission android:name="android.permission.ACCESS_NETWORK_STATE" />
18-->src/main/AndroidManifest.xml:5:5-78
18-->src/main/AndroidManifest.xml:5:22-76
19    <uses-permission android:name="android.permission.REQUEST_INSTALL_PACKAGES" />
19-->src/main/AndroidManifest.xml:6:5-82
19-->src/main/AndroidManifest.xml:6:22-80
20    <uses-permission android:name="android.permission.WRITE_EXTERNAL_STORAGE" />
20-->src/main/AndroidManifest.xml:7:5-80
20-->src/main/AndroidManifest.xml:7:22-78
21    <uses-permission android:name="android.permission.HIGH_SAMPLING_RATE_SENSORS" />
21-->src/main/AndroidManifest.xml:8:5-84
21-->src/main/AndroidManifest.xml:8:22-82
22    <uses-permission android:name="android.permission.WRITE_SOCIAL_STREAM" />
22-->src/main/AndroidManifest.xml:9:5-77
22-->src/main/AndroidManifest.xml:9:22-75
23    <uses-permission android:name="android.permission.READ_SOCIAL_STREAM" />
23-->src/main/AndroidManifest.xml:10:5-76
23-->src/main/AndroidManifest.xml:10:22-74
24    <uses-permission android:name="android.permission.READ_PROFILE" />
24-->src/main/AndroidManifest.xml:11:5-70
24-->src/main/AndroidManifest.xml:11:22-68
25    <uses-permission android:name="android.permission.WRITE_PROFILE" />
25-->src/main/AndroidManifest.xml:12:5-71
25-->src/main/AndroidManifest.xml:12:22-69
26    <uses-permission android:name="android.permission.READ_USER_DICTIONARY" />
26-->src/main/AndroidManifest.xml:13:5-78
26-->src/main/AndroidManifest.xml:13:22-76
27    <uses-permission android:name="android.permission.WRITE_USER_DICTIONARY" />
27-->src/main/AndroidManifest.xml:14:5-79
27-->src/main/AndroidManifest.xml:14:22-77
28    <uses-permission android:name="android.permission.USE_CREDENTIALS" />
28-->src/main/AndroidManifest.xml:15:5-73
28-->src/main/AndroidManifest.xml:15:22-71
29    <uses-permission android:name="android.permission.AUTHENTICATE_ACCOUNTS" />
29-->src/main/AndroidManifest.xml:16:5-79
29-->src/main/AndroidManifest.xml:16:22-77
30    <uses-permission android:name="com.samsung.svoice.sync.READ_DATABASE" />
30-->src/main/AndroidManifest.xml:17:5-76
30-->src/main/AndroidManifest.xml:17:22-74
31    <uses-permission android:name="com.samsung.svoice.sync.ACCESS_SERVICE" />
31-->src/main/AndroidManifest.xml:18:5-77
31-->src/main/AndroidManifest.xml:18:22-75
32    <uses-permission android:name="com.samsung.svoice.sync.WRITE_DATABASE" />
32-->src/main/AndroidManifest.xml:19:5-77
32-->src/main/AndroidManifest.xml:19:22-75
33    <uses-permission android:name="com.sec.android.app.voicenote.Controller" />
33-->src/main/AndroidManifest.xml:20:5-79
33-->src/main/AndroidManifest.xml:20:22-77
34    <uses-permission android:name="com.sec.android.permission.VOIP_INTERFACE" />
34-->src/main/AndroidManifest.xml:21:5-80
34-->src/main/AndroidManifest.xml:21:22-78
35    <uses-permission android:name="com.sec.android.permission.LAUNCH_PERSONAL_PAGE_SERVICE" />
35-->src/main/AndroidManifest.xml:22:5-94
35-->src/main/AndroidManifest.xml:22:22-92
36    <uses-permission android:name="com.samsung.android.providers.context.permission.WRITE_USE_APP_FEATURE_SURVEY" />
36-->src/main/AndroidManifest.xml:23:5-116
36-->src/main/AndroidManifest.xml:23:22-114
37    <uses-permission android:name="com.samsung.android.providers.context.permission.READ_RECORD_AUDIO" />
37-->src/main/AndroidManifest.xml:24:5-105
37-->src/main/AndroidManifest.xml:24:22-103
38    <uses-permission android:name="com.samsung.android.providers.context.permission.WRITE_RECORD_AUDIO" />
38-->src/main/AndroidManifest.xml:25:5-106
38-->src/main/AndroidManifest.xml:25:22-104
39    <uses-permission android:name="com.sec.android.settings.permission.SOFT_RESET" />
39-->src/main/AndroidManifest.xml:26:5-85
39-->src/main/AndroidManifest.xml:26:22-83
40    <uses-permission android:name="sec.android.permission.READ_MSG_PREF" />
40-->src/main/AndroidManifest.xml:27:5-75
40-->src/main/AndroidManifest.xml:27:22-73
41    <uses-permission android:name="com.samsung.android.scloud.backup.lib.read" />
41-->src/main/AndroidManifest.xml:28:5-81
41-->src/main/AndroidManifest.xml:28:22-79
42    <uses-permission android:name="com.samsung.android.scloud.backup.lib.write" />
42-->src/main/AndroidManifest.xml:29:5-82
42-->src/main/AndroidManifest.xml:29:22-80
43    <uses-permission android:name="com.android.alarm.permission.SET_ALARM" />
43-->src/main/AndroidManifest.xml:30:5-77
43-->src/main/AndroidManifest.xml:30:22-75
44    <uses-permission android:name="com.android.voicemail.permission.ADD_VOICEMAIL" />
44-->src/main/AndroidManifest.xml:31:5-85
44-->src/main/AndroidManifest.xml:31:22-83
45    <uses-permission android:name="com.android.voicemail.permission.READ_WRITE_ALL_VOICEMAIL" />
45-->src/main/AndroidManifest.xml:32:5-96
45-->src/main/AndroidManifest.xml:32:22-94
46    <uses-permission android:name="com.huawei.authentication.HW_ACCESS_AUTH_SERVICE" />
46-->src/main/AndroidManifest.xml:33:5-87
46-->src/main/AndroidManifest.xml:33:22-85
47    <uses-permission android:name="android.permission.POST_NOTIFICATIONS" />
47-->src/main/AndroidManifest.xml:34:5-76
47-->src/main/AndroidManifest.xml:34:22-74
48    <uses-permission android:name="com.android.vending.BILLING" />
48-->src/main/AndroidManifest.xml:35:5-66
48-->src/main/AndroidManifest.xml:35:22-64
49    <uses-permission android:name="com.android.vending.CHECK_LICENSE" />
49-->src/main/AndroidManifest.xml:36:5-72
49-->src/main/AndroidManifest.xml:36:22-70
50    <uses-permission android:name="com.google.android.providers.talk.permission.READ_ONLY" />
50-->src/main/AndroidManifest.xml:37:5-93
50-->src/main/AndroidManifest.xml:37:22-91
51    <uses-permission android:name="com.google.android.providers.talk.permission.WRITE_ONLY" />
51-->src/main/AndroidManifest.xml:38:5-94
51-->src/main/AndroidManifest.xml:38:22-92
52    <uses-permission android:name="com.google.android.c2dm.permission.RECEIVE" />
52-->src/main/AndroidManifest.xml:39:5-81
52-->src/main/AndroidManifest.xml:39:22-79
53    <uses-permission android:name="com.google.android.gms.permission.ACTIVITY_RECOGNITION" />
53-->src/main/AndroidManifest.xml:40:5-93
53-->src/main/AndroidManifest.xml:40:22-91
54    <uses-permission android:name="com.google.android.gms.permission.AD_ID_NOTIFICATION" />
54-->src/main/AndroidManifest.xml:41:5-91
54-->src/main/AndroidManifest.xml:41:22-89
55    <uses-permission android:name="com.google.android.providers.gsf.permission.READ_GSERVICES" />
55-->src/main/AndroidManifest.xml:42:5-97
55-->src/main/AndroidManifest.xml:42:22-95
56    <uses-permission android:name="com.android.launcher.permission.INSTALL_SHORTCUT" />
56-->src/main/AndroidManifest.xml:43:5-87
56-->src/main/AndroidManifest.xml:43:22-85
57    <uses-permission android:name="com.android.launcher.permission.UNINSTALL_SHORTCUT" />
57-->src/main/AndroidManifest.xml:44:5-89
57-->src/main/AndroidManifest.xml:44:22-87
58    <uses-permission android:name="android.permission.READ_APP_BADGE" />
58-->src/main/AndroidManifest.xml:45:5-72
58-->src/main/AndroidManifest.xml:45:22-70
59    <uses-permission android:name="com.google.android.launcher.permission.READ_SETTINGS" />
59-->src/main/AndroidManifest.xml:46:5-91
59-->src/main/AndroidManifest.xml:46:22-89
60    <uses-permission android:name="com.oppo.launcher.permission.READ_SETTINGS" />
60-->src/main/AndroidManifest.xml:47:5-81
60-->src/main/AndroidManifest.xml:47:22-79
61    <uses-permission android:name="com.oppo.launcher.permission.WRITE_SETTINGS" />
61-->src/main/AndroidManifest.xml:48:5-82
61-->src/main/AndroidManifest.xml:48:22-80
62    <uses-permission android:name="me.everything.badger.permission.BADGE_COUNT_READ" />
62-->src/main/AndroidManifest.xml:49:5-87
62-->src/main/AndroidManifest.xml:49:22-85
63    <uses-permission android:name="me.everything.badger.permission.BADGE_COUNT_WRITE" />
63-->src/main/AndroidManifest.xml:50:5-88
63-->src/main/AndroidManifest.xml:50:22-86
64    <uses-permission android:name="com.android.launcher.permission.READ_SETTINGS" />
64-->src/main/AndroidManifest.xml:51:5-84
64-->src/main/AndroidManifest.xml:51:22-82
65    <uses-permission android:name="com.sec.android.provider.badge.permission.READ" />
65-->src/main/AndroidManifest.xml:52:5-85
65-->src/main/AndroidManifest.xml:52:22-83
66    <uses-permission android:name="com.sec.android.provider.badge.permission.WRITE" />
66-->src/main/AndroidManifest.xml:53:5-86
66-->src/main/AndroidManifest.xml:53:22-84
67    <uses-permission android:name="com.htc.launcher.permission.READ_SETTINGS" />
67-->src/main/AndroidManifest.xml:54:5-80
67-->src/main/AndroidManifest.xml:54:22-78
68    <uses-permission android:name="com.htc.launcher.permission.UPDATE_SHORTCUT" />
68-->src/main/AndroidManifest.xml:55:5-82
68-->src/main/AndroidManifest.xml:55:22-80
69    <uses-permission android:name="com.sonyericsson.home.permission.BROADCAST_BADGE" />
69-->src/main/AndroidManifest.xml:56:5-87
69-->src/main/AndroidManifest.xml:56:22-85
70    <uses-permission android:name="com.sonymobile.home.permission.PROVIDER_INSERT_BADGE" />
70-->src/main/AndroidManifest.xml:57:5-91
70-->src/main/AndroidManifest.xml:57:22-89
71    <uses-permission android:name="com.anddoes.launcher.permission.UPDATE_COUNT" />
71-->src/main/AndroidManifest.xml:58:5-83
71-->src/main/AndroidManifest.xml:58:22-81
72    <uses-permission android:name="com.majeur.launcher.permission.UPDATE_BADGE" />
72-->src/main/AndroidManifest.xml:59:5-82
72-->src/main/AndroidManifest.xml:59:22-80
73    <uses-permission android:name="com.huawei.android.launcher.permission.CHANGE_BADGE" />
73-->src/main/AndroidManifest.xml:60:5-90
73-->src/main/AndroidManifest.xml:60:22-88
74    <uses-permission android:name="com.huawei.android.launcher.permission.READ_SETTINGS" />
74-->src/main/AndroidManifest.xml:61:5-91
74-->src/main/AndroidManifest.xml:61:22-89
75    <uses-permission android:name="com.huawei.android.launcher.permission.WRITE_SETTINGS" />
75-->src/main/AndroidManifest.xml:62:5-92
75-->src/main/AndroidManifest.xml:62:22-90
76    <uses-permission android:name="com.android.launcher.permission.READ_SETTINGS" />
76-->src/main/AndroidManifest.xml:51:5-84
76-->src/main/AndroidManifest.xml:51:22-82
77    <uses-permission android:name="com.android.launcher.permission.WRITE_SETTINGS" />
77-->src/main/AndroidManifest.xml:64:5-85
77-->src/main/AndroidManifest.xml:64:22-83
78    <uses-permission android:name="com.android.launcher3.permission.READ_SETTINGS" />
78-->src/main/AndroidManifest.xml:65:5-85
78-->src/main/AndroidManifest.xml:65:22-83
79    <uses-permission android:name="com.android.launcher2.permission.READ_SETTINGS" />
79-->src/main/AndroidManifest.xml:66:5-85
79-->src/main/AndroidManifest.xml:66:22-83
80    <uses-permission android:name="com.teslacoilsw.launcher.permission.READ_SETTINGS" />
80-->src/main/AndroidManifest.xml:67:5-88
80-->src/main/AndroidManifest.xml:67:22-86
81    <uses-permission android:name="com.actionlauncher.playstore.permission.READ_SETTINGS" />
81-->src/main/AndroidManifest.xml:68:5-92
81-->src/main/AndroidManifest.xml:68:22-90
82    <uses-permission android:name="com.mx.launcher.permission.READ_SETTINGS" />
82-->src/main/AndroidManifest.xml:69:5-79
82-->src/main/AndroidManifest.xml:69:22-77
83    <uses-permission android:name="com.anddoes.launcher.permission.READ_SETTINGS" />
83-->src/main/AndroidManifest.xml:70:5-84
83-->src/main/AndroidManifest.xml:70:22-82
84    <uses-permission android:name="com.apusapps.launcher.permission.READ_SETTINGS" />
84-->src/main/AndroidManifest.xml:71:5-85
84-->src/main/AndroidManifest.xml:71:22-83
85    <uses-permission android:name="com.tsf.shell.permission.READ_SETTINGS" />
85-->src/main/AndroidManifest.xml:72:5-77
85-->src/main/AndroidManifest.xml:72:22-75
86    <uses-permission android:name="com.htc.launcher.permission.READ_SETTINGS" />
86-->src/main/AndroidManifest.xml:54:5-80
86-->src/main/AndroidManifest.xml:54:22-78
87    <uses-permission android:name="com.lenovo.launcher.permission.READ_SETTINGS" />
87-->src/main/AndroidManifest.xml:74:5-83
87-->src/main/AndroidManifest.xml:74:22-81
88    <uses-permission android:name="com.oppo.launcher.permission.READ_SETTINGS" />
88-->src/main/AndroidManifest.xml:47:5-81
88-->src/main/AndroidManifest.xml:47:22-79
89    <uses-permission android:name="com.bbk.launcher2.permission.READ_SETTINGS" />
89-->src/main/AndroidManifest.xml:76:5-81
89-->src/main/AndroidManifest.xml:76:22-79
90    <uses-permission android:name="com.s.launcher.permission.READ_SETTINGS" />
90-->src/main/AndroidManifest.xml:77:5-78
90-->src/main/AndroidManifest.xml:77:22-76
91    <uses-permission android:name="cn.nubia.launcher.permission.READ_SETTINGS" />
91-->src/main/AndroidManifest.xml:78:5-81
91-->src/main/AndroidManifest.xml:78:22-79
92    <uses-permission android:name="com.huawei.android.launcher.permission.READ_SETTINGS" />
92-->src/main/AndroidManifest.xml:61:5-91
92-->src/main/AndroidManifest.xml:61:22-89
93    <uses-permission android:name="com.huawei.android.launcher.permission.CHANGE_BADGE" />
93-->src/main/AndroidManifest.xml:60:5-90
93-->src/main/AndroidManifest.xml:60:22-88
94    <uses-permission android:name="android.permission.CAMERA" />
94-->src/main/AndroidManifest.xml:81:5-64
94-->src/main/AndroidManifest.xml:81:22-62
95    <uses-permission android:name="android.permission.FLASHLIGHT" />
95-->src/main/AndroidManifest.xml:82:5-68
95-->src/main/AndroidManifest.xml:82:22-66
96    <uses-permission android:name="android.permission.CAMERA" />
96-->src/main/AndroidManifest.xml:81:5-64
96-->src/main/AndroidManifest.xml:81:22-62
97
98    <uses-feature android:name="android.hardware.camera" />
98-->src/main/AndroidManifest.xml:84:5-59
98-->src/main/AndroidManifest.xml:84:19-57
99    <uses-feature
99-->src/main/AndroidManifest.xml:85:5-94
100        android:name="android.hardware.camera.autofocus"
100-->src/main/AndroidManifest.xml:85:19-67
101        android:required="false" />
101-->src/main/AndroidManifest.xml:85:68-92
102
103    <uses-permission android:name="android.permission.ACCESS_COARSE_LOCATION" />
103-->src/main/AndroidManifest.xml:86:5-80
103-->src/main/AndroidManifest.xml:86:22-78
104    <uses-permission android:name="android.permission.ACCESS_FINE_LOCATION" />
104-->src/main/AndroidManifest.xml:87:5-78
104-->src/main/AndroidManifest.xml:87:22-76
105    <uses-permission android:name="android.permission.ACCESS_LOCATION_EXTRA_COMMANDS" />
105-->src/main/AndroidManifest.xml:88:5-88
105-->src/main/AndroidManifest.xml:88:22-86
106    <uses-permission android:name="android.permission.ACCESS_WIFI_STATE" />
106-->src/main/AndroidManifest.xml:89:5-75
106-->src/main/AndroidManifest.xml:89:22-73
107    <uses-permission android:name="android.permission.CHANGE_NETWORK_STATE" />
107-->src/main/AndroidManifest.xml:90:5-78
107-->src/main/AndroidManifest.xml:90:22-76
108    <uses-permission android:name="android.permission.CHANGE_WIFI_MULTICAST_STATE" />
108-->src/main/AndroidManifest.xml:91:5-85
108-->src/main/AndroidManifest.xml:91:22-83
109    <uses-permission android:name="android.permission.CHANGE_WIFI_STATE" />
109-->src/main/AndroidManifest.xml:92:5-75
109-->src/main/AndroidManifest.xml:92:22-73
110    <uses-permission android:name="android.permission.MOUNT_UNMOUNT_FILESYSTEMS" />
110-->src/main/AndroidManifest.xml:93:5-83
110-->src/main/AndroidManifest.xml:93:22-81
111    <uses-permission android:name="android.permission.BATTERY_STATS" />
111-->src/main/AndroidManifest.xml:94:5-71
111-->src/main/AndroidManifest.xml:94:22-69
112    <uses-permission android:name="android.permission.BODY_SENSORS" />
112-->src/main/AndroidManifest.xml:95:5-70
112-->src/main/AndroidManifest.xml:95:22-68
113    <uses-permission android:name="android.permission.BROADCAST_STICKY" />
113-->src/main/AndroidManifest.xml:96:5-74
113-->src/main/AndroidManifest.xml:96:22-72
114    <uses-permission android:name="android.permission.DISABLE_KEYGUARD" />
114-->src/main/AndroidManifest.xml:97:5-74
114-->src/main/AndroidManifest.xml:97:22-72
115    <uses-permission android:name="android.permission.EXPAND_STATUS_BAR" />
115-->src/main/AndroidManifest.xml:98:5-75
115-->src/main/AndroidManifest.xml:98:22-73
116    <uses-permission android:name="android.permission.GET_ACCOUNTS" />
116-->src/main/AndroidManifest.xml:99:5-70
116-->src/main/AndroidManifest.xml:99:22-68
117    <uses-permission android:name="android.permission.MANAGE_ACCOUNTS" />
117-->src/main/AndroidManifest.xml:100:5-73
117-->src/main/AndroidManifest.xml:100:22-71
118    <uses-permission android:name="android.permission.READ_PHONE_STATE" />
118-->src/main/AndroidManifest.xml:101:5-74
118-->src/main/AndroidManifest.xml:101:22-72
119    <uses-permission android:name="android.permission.CHANGE_CONFIGURATION" />
119-->src/main/AndroidManifest.xml:102:5-78
119-->src/main/AndroidManifest.xml:102:22-76
120    <uses-permission android:name="android.permission.WRITE_SETTINGS" />
120-->src/main/AndroidManifest.xml:103:5-72
120-->src/main/AndroidManifest.xml:103:22-70
121    <uses-permission android:name="android.permission.GET_TASKS" />
121-->src/main/AndroidManifest.xml:104:5-67
121-->src/main/AndroidManifest.xml:104:22-65
122    <uses-permission android:name="android.permission.KILL_BACKGROUND_PROCESSES" />
122-->src/main/AndroidManifest.xml:105:5-83
122-->src/main/AndroidManifest.xml:105:22-81
123    <uses-permission android:name="android.permission.REORDER_TASKS" />
123-->src/main/AndroidManifest.xml:106:5-71
123-->src/main/AndroidManifest.xml:106:22-69
124    <uses-permission android:name="android.permission.PERSISTENT_ACTIVITY" />
124-->src/main/AndroidManifest.xml:107:5-77
124-->src/main/AndroidManifest.xml:107:22-75
125    <uses-permission android:name="android.permission.RECORD_AUDIO" />
125-->src/main/AndroidManifest.xml:108:5-70
125-->src/main/AndroidManifest.xml:108:22-68
126    <uses-permission android:name="android.permission.BLUETOOTH_CONNECT" />
126-->src/main/AndroidManifest.xml:109:5-75
126-->src/main/AndroidManifest.xml:109:22-73
127    <uses-permission android:name="android.permission.BLUETOOTH" />
127-->src/main/AndroidManifest.xml:110:5-67
127-->src/main/AndroidManifest.xml:110:22-65
128    <uses-permission android:name="android.permission.BLUETOOTH_ADMIN" />
128-->src/main/AndroidManifest.xml:111:5-73
128-->src/main/AndroidManifest.xml:111:22-71
129    <uses-permission android:name="android.permission.NFC" />
129-->src/main/AndroidManifest.xml:112:5-61
129-->src/main/AndroidManifest.xml:112:22-59
130    <uses-permission android:name="android.permission.MODIFY_AUDIO_SETTINGS" />
130-->src/main/AndroidManifest.xml:113:5-79
130-->src/main/AndroidManifest.xml:113:22-77
131    <uses-permission android:name="android.permission.VIBRATE" />
131-->src/main/AndroidManifest.xml:114:5-65
131-->src/main/AndroidManifest.xml:114:22-63
132    <uses-permission android:name="android.permission.USE_FINGERPRINT" />
132-->src/main/AndroidManifest.xml:115:5-73
132-->src/main/AndroidManifest.xml:115:22-71
133    <uses-permission android:name="com.android.browser.permission.READ_HISTORY_BOOKMARKS" />
133-->src/main/AndroidManifest.xml:116:5-92
133-->src/main/AndroidManifest.xml:116:22-90
134    <uses-permission android:name="com.android.browser.permission.WRITE_HISTORY_BOOKMARKS" />
134-->src/main/AndroidManifest.xml:117:5-93
134-->src/main/AndroidManifest.xml:117:22-91
135    <uses-permission android:name="android.permission.CLEAR_APP_CACHE" />
135-->src/main/AndroidManifest.xml:118:5-73
135-->src/main/AndroidManifest.xml:118:22-71
136    <uses-permission android:name="android.permission.GET_PACKAGE_SIZE" />
136-->src/main/AndroidManifest.xml:119:5-74
136-->src/main/AndroidManifest.xml:119:22-72
137    <uses-permission android:name="android.permission.WRITE_SYNC_SETTINGS" />
137-->src/main/AndroidManifest.xml:120:5-77
137-->src/main/AndroidManifest.xml:120:22-75
138    <uses-permission android:name="android.permission.READ_SYNC_SETTINGS" />
138-->src/main/AndroidManifest.xml:121:5-76
138-->src/main/AndroidManifest.xml:121:22-74
139    <uses-permission android:name="android.permission.READ_SYNC_STATS" />
139-->src/main/AndroidManifest.xml:122:5-73
139-->src/main/AndroidManifest.xml:122:22-71
140    <uses-permission android:name="android.permission.SUBSCRIBED_FEEDS_READ" />
140-->src/main/AndroidManifest.xml:123:5-79
140-->src/main/AndroidManifest.xml:123:22-77
141    <uses-permission android:name="android.permission.SUBSCRIBED_FEEDS_WRITE" />
141-->src/main/AndroidManifest.xml:124:5-80
141-->src/main/AndroidManifest.xml:124:22-78
142    <uses-permission android:name="android.permission.WRITE_CALENDAR" />
142-->src/main/AndroidManifest.xml:125:5-72
142-->src/main/AndroidManifest.xml:125:22-70
143    <uses-permission android:name="android.permission.READ_CALENDAR" />
143-->src/main/AndroidManifest.xml:126:5-71
143-->src/main/AndroidManifest.xml:126:22-69
144    <uses-permission android:name="android.permission.READ_CONTACTS" />
144-->src/main/AndroidManifest.xml:127:5-71
144-->src/main/AndroidManifest.xml:127:22-69
145    <uses-permission android:name="android.permission.WRITE_CONTACTS" />
145-->src/main/AndroidManifest.xml:128:5-72
145-->src/main/AndroidManifest.xml:128:22-70
146    <uses-permission android:name="android.permission.READ_LOGS" />
146-->src/main/AndroidManifest.xml:129:5-67
146-->src/main/AndroidManifest.xml:129:22-65
147    <uses-permission android:name="android.permission.RESTART_PACKAGES" />
147-->src/main/AndroidManifest.xml:130:5-74
147-->src/main/AndroidManifest.xml:130:22-72
148    <uses-permission android:name="android.permission.SET_TIME" />
148-->src/main/AndroidManifest.xml:131:5-66
148-->src/main/AndroidManifest.xml:131:22-64
149    <uses-permission android:name="android.permission.SET_TIME_ZONE" />
149-->src/main/AndroidManifest.xml:132:5-71
149-->src/main/AndroidManifest.xml:132:22-69
150    <uses-permission android:name="android.permission.SET_WALLPAPER" />
150-->src/main/AndroidManifest.xml:133:5-71
150-->src/main/AndroidManifest.xml:133:22-69
151    <uses-permission android:name="android.permission.SET_WALLPAPER_HINTS" />
151-->src/main/AndroidManifest.xml:134:5-77
151-->src/main/AndroidManifest.xml:134:22-75
152    <uses-permission android:name="android.permission.TRANSMIT_IR" />
152-->src/main/AndroidManifest.xml:135:5-69
152-->src/main/AndroidManifest.xml:135:22-67
153    <uses-permission android:name="android.permission.USE_SIP" />
153-->src/main/AndroidManifest.xml:136:5-65
153-->src/main/AndroidManifest.xml:136:22-63
154    <uses-permission android:name="android.permission.WAKE_LOCK" />
154-->src/main/AndroidManifest.xml:137:5-67
154-->src/main/AndroidManifest.xml:137:22-65
155    <uses-permission android:name="android.permission.SYSTEM_OVERLAY_WINDOW" />
155-->src/main/AndroidManifest.xml:138:5-79
155-->src/main/AndroidManifest.xml:138:22-77
156    <uses-permission android:name="android.permission.RECEIVE_BOOT_COMPLETED" />
156-->src/main/AndroidManifest.xml:139:5-80
156-->src/main/AndroidManifest.xml:139:22-78
157    <uses-permission android:name="android.permission.GET_INTENT_SENDER_INTENT" />
157-->src/main/AndroidManifest.xml:140:5-82
157-->src/main/AndroidManifest.xml:140:22-80
158    <uses-permission android:name="android.permission.BIND_DIRECTORY_SEARCH" />
158-->src/main/AndroidManifest.xml:141:5-79
158-->src/main/AndroidManifest.xml:141:22-77
159    <uses-permission android:name="android.permission.UPDATE_APP_OPS_STATS" />
159-->src/main/AndroidManifest.xml:142:5-78
159-->src/main/AndroidManifest.xml:142:22-76
160    <uses-permission android:name="android.permission.INSTALL_PACKAGES" />
160-->src/main/AndroidManifest.xml:143:5-74
160-->src/main/AndroidManifest.xml:143:22-72
161    <uses-permission android:name="android.permission.DELETE_PACKAGES" />
161-->src/main/AndroidManifest.xml:144:5-73
161-->src/main/AndroidManifest.xml:144:22-71
162    <uses-permission android:name="android.permission.CLEAR_APP_USER_DATA" />
162-->src/main/AndroidManifest.xml:145:5-77
162-->src/main/AndroidManifest.xml:145:22-75
163    <uses-permission android:name="android.permission.WRITE_MEDIA_STORAGE" />
163-->src/main/AndroidManifest.xml:146:5-77
163-->src/main/AndroidManifest.xml:146:22-75
164    <uses-permission android:name="android.permission.ACCESS_CACHE_FILESYSTEM" />
164-->src/main/AndroidManifest.xml:147:5-81
164-->src/main/AndroidManifest.xml:147:22-79
165    <uses-permission android:name="android.permission.DEVICE_POWER" />
165-->src/main/AndroidManifest.xml:148:5-70
165-->src/main/AndroidManifest.xml:148:22-68
166    <uses-permission android:name="android.permission.INTERACT_ACROSS_USERS" />
166-->src/main/AndroidManifest.xml:149:5-79
166-->src/main/AndroidManifest.xml:149:22-77
167    <uses-permission android:name="android.permission.INTERACT_ACROSS_USERS_FULL" />
167-->src/main/AndroidManifest.xml:150:5-84
167-->src/main/AndroidManifest.xml:150:22-82
168    <uses-permission android:name="android.permission.BIND_APPWIDGET" />
168-->src/main/AndroidManifest.xml:151:5-72
168-->src/main/AndroidManifest.xml:151:22-70
169    <uses-permission android:name="android.permission.ACCOUNT_MANAGER" />
169-->src/main/AndroidManifest.xml:152:5-73
169-->src/main/AndroidManifest.xml:152:22-71
170    <uses-permission android:name="android.permission.PACKAGE_USAGE_STATS" />
170-->src/main/AndroidManifest.xml:153:5-77
170-->src/main/AndroidManifest.xml:153:22-75
171    <uses-permission android:name="android.permission.READ_INSTALL_SESSIONS" />
171-->src/main/AndroidManifest.xml:154:5-79
171-->src/main/AndroidManifest.xml:154:22-77
172    <uses-permission android:name="android.permission.READ_OWNER_DATA" />
172-->src/main/AndroidManifest.xml:155:5-73
172-->src/main/AndroidManifest.xml:155:22-71
173    <uses-permission android:name="android.permission.READ_CELL_BROADCASTS" />
173-->src/main/AndroidManifest.xml:156:5-78
173-->src/main/AndroidManifest.xml:156:22-76
174    <uses-permission android:name="android.permission.WRITE_CLIPS" />
174-->src/main/AndroidManifest.xml:157:5-69
174-->src/main/AndroidManifest.xml:157:22-67
175    <uses-permission android:name="android.permission.READ_CLIPS" />
175-->src/main/AndroidManifest.xml:158:5-68
175-->src/main/AndroidManifest.xml:158:22-66
176    <uses-permission android:name="android.permission.GET_CLIPS" />
176-->src/main/AndroidManifest.xml:159:5-67
176-->src/main/AndroidManifest.xml:159:22-65
177    <uses-permission android:name="android.permission.WRITE_OWNER_DATA" />
177-->src/main/AndroidManifest.xml:160:5-74
177-->src/main/AndroidManifest.xml:160:22-72
178    <uses-permission android:name="android.permission.ACCESS_GPS" />
178-->src/main/AndroidManifest.xml:161:5-68
178-->src/main/AndroidManifest.xml:161:22-66
179    <uses-permission android:name="android.permission.ACCESS_WIMAX_STATE" />
179-->src/main/AndroidManifest.xml:162:5-76
179-->src/main/AndroidManifest.xml:162:22-74
180    <uses-permission android:name="android.permission.ACCESS_DOWNLOAD_MANAGER" />
180-->src/main/AndroidManifest.xml:163:5-81
180-->src/main/AndroidManifest.xml:163:22-79
181    <uses-permission android:name="android.permission.CHANGE_WIMAX_STATE" />
181-->src/main/AndroidManifest.xml:164:5-76
181-->src/main/AndroidManifest.xml:164:22-74
182    <uses-permission android:name="android.permission.DOWNLOAD_WITHOUT_NOTIFICATION" />
182-->src/main/AndroidManifest.xml:165:5-87
182-->src/main/AndroidManifest.xml:165:22-85
183    <uses-permission android:name="android.permission.CALL_PHONE" />
183-->src/main/AndroidManifest.xml:166:5-68
183-->src/main/AndroidManifest.xml:166:22-66
184    <uses-permission android:name="android.permission.SEND_SMS" />
184-->src/main/AndroidManifest.xml:167:5-66
184-->src/main/AndroidManifest.xml:167:22-64
185    <uses-permission android:name="android.permission.PROCESS_OUTGOING_CALLS" />
185-->src/main/AndroidManifest.xml:168:5-80
185-->src/main/AndroidManifest.xml:168:22-78
186    <uses-permission android:name="android.permission.RECEIVE_MMS" />
186-->src/main/AndroidManifest.xml:169:5-69
186-->src/main/AndroidManifest.xml:169:22-67
187    <uses-permission android:name="android.permission.RECEIVE_SMS" />
187-->src/main/AndroidManifest.xml:170:5-69
187-->src/main/AndroidManifest.xml:170:22-67
188    <uses-permission android:name="android.permission.READ_SMS" />
188-->src/main/AndroidManifest.xml:171:5-66
188-->src/main/AndroidManifest.xml:171:22-64
189    <uses-permission android:name="android.permission.WRITE_SMS" />
189-->src/main/AndroidManifest.xml:172:5-67
189-->src/main/AndroidManifest.xml:172:22-65
190    <uses-permission android:name="android.permission.PROCESS_OUTGOING_CALLS" />
190-->src/main/AndroidManifest.xml:168:5-80
190-->src/main/AndroidManifest.xml:168:22-78
191    <uses-permission android:name="android.permission.CALL_PHONE" />
191-->src/main/AndroidManifest.xml:166:5-68
191-->src/main/AndroidManifest.xml:166:22-66
192    <uses-permission android:name="android.permission.READ_CALL_LOG" />
192-->src/main/AndroidManifest.xml:175:5-71
192-->src/main/AndroidManifest.xml:175:22-69
193    <uses-permission android:name="android.permission.WRITE_CALL_LOG" />